<?xml version="1.0" encoding="UTF-8"?>
<!-- Generated by org.testng.reporters.JUnitReportReporter -->
<testsuite name="SeleniumWebDriver.DevOpsDemo.Herokudemo" tests="1" time="1.000" ignored="0" failures="0" timestamp="12 Feb 2019 07:34:30 GMT" skipped="0" hostname="P5-GL2JH92" errors="0">
  <testcase name="herokuapp" time="1.000" classname="SeleniumWebDriver.DevOpsDemo.Herokudemo"/>
</testsuite> <!-- SeleniumWebDriver.DevOpsDemo.Herokudemo -->
