<?xml version="1.0" encoding="UTF-8"?>
<!-- Generated by org.testng.reporters.JUnitReportReporter -->
<testsuite name="SeleniumWebDriver.DevOpsDemo.Demo1Class" tests="1" time="184.102" ignored="0" failures="0" timestamp="12 Feb 2019 07:30:34 GMT" skipped="0" hostname="P5-GL2JH92" errors="0">
  <testcase name="f" time="184.102" classname="SeleniumWebDriver.DevOpsDemo.Demo1Class"/>
</testsuite> <!-- SeleniumWebDriver.DevOpsDemo.Demo1Class -->
