<?xml version="1.0" encoding="UTF-8"?>
<!-- Generated by org.testng.reporters.JUnitReportReporter -->
<testsuite name="SeleniumWebDriver.DevOpsDemo.Demo1Class" tests="1" time="5.948" ignored="0" failures="0" timestamp="12 Feb 2019 05:44:46 GMT" skipped="0" hostname="P5-GL2JH92" errors="0">
  <testcase name="f" time="5.948" classname="SeleniumWebDriver.DevOpsDemo.Demo1Class"/>
</testsuite> <!-- SeleniumWebDriver.DevOpsDemo.Demo1Class -->
